<?xml version="1.0" encoding="UTF-8"?>
<!-- Generated by org.testng.reporters.JUnitReportReporter -->
<testsuite hostname="DESKTOP-PA2MCSP" failures="0" tests="5" name="practice.TestNg_Test" time="26.471" errors="0" timestamp="2022-05-02T16:43:36 IST" skipped="0">
  <testcase classname="practice.TestNg_Test" name="verifypagetitle2" time="6.031"/>
  <system-out/>
  <testcase classname="practice.TestNg_Test" name="verifypagetitle" time="4.929"/>
  <system-out/>
  <testcase classname="practice.TestNg_Test" name="verifypagetitle5" time="5.059"/>
  <system-out/>
  <testcase classname="practice.TestNg_Test" name="verifypagetitle4" time="5.242"/>
  <system-out/>
  <testcase classname="practice.TestNg_Test" name="verifypagetitle3" time="5.210"/>
  <system-out/>
</testsuite> <!-- practice.TestNg_Test -->
