<?xml version="1.0" encoding="UTF-8"?>
<!-- Generated by org.testng.reporters.JUnitReportReporter -->
<testsuite hostname="DESKTOP-PA2MCSP" failures="0" tests="5" name="practice.TestNg_Test" time="29.075" errors="0" timestamp="2022-05-02T10:47:19 IST" skipped="0">
  <testcase classname="practice.TestNg_Test" name="verifypagetitle2" time="5.160"/>
  <system-out/>
  <testcase classname="practice.TestNg_Test" name="verifypagetitle" time="4.738"/>
  <system-out/>
  <testcase classname="practice.TestNg_Test" name="verifypagetitle5" time="5.082"/>
  <system-out/>
  <testcase classname="practice.TestNg_Test" name="verifypagetitle4" time="5.579"/>
  <system-out/>
  <testcase classname="practice.TestNg_Test" name="verifypagetitle3" time="8.516"/>
  <system-out/>
</testsuite> <!-- practice.TestNg_Test -->
