<?xml version="1.0" encoding="UTF-8"?>
<!-- Generated by org.testng.reporters.JUnitReportReporter -->
<testsuite hostname="DESKTOP-PA2MCSP" failures="0" tests="1" name="practice.Youtube" time="16.897" errors="0" timestamp="2022-05-02T10:47:19 IST" skipped="0">
  <testcase classname="practice.Youtube" name="verifyyoutube" time="16.897"/>
  <system-out/>
</testsuite> <!-- practice.Youtube -->
